<?xml version="1.0" encoding="UTF-8"?>
<coverage generated="1633898104837" clover="3.2.0">
  <project timestamp="1633898104838" name="All files">
    <metrics statements="47" coveredstatements="47" conditionals="22" coveredconditionals="22" methods="20" coveredmethods="20" elements="89" coveredelements="89" complexity="0" loc="47" ncloc="47" packages="3" files="5" classes="5"/>
    <package name="src">
      <metrics statements="23" coveredstatements="23" conditionals="18" coveredconditionals="18" methods="6" coveredmethods="6"/>
      <file name="Quiz.jsx" path="D:\Mangahigh_tech_assignment\mern-micro-frontend\client\mangahigh-quiz-module\src\Quiz.jsx">
        <metrics statements="23" coveredstatements="23" conditionals="18" coveredconditionals="18" methods="6" coveredmethods="6"/>
        <line num="9" count="1" type="stmt"/>
        <line num="10" count="9" type="stmt"/>
        <line num="11" count="9" type="stmt"/>
        <line num="12" count="9" type="stmt"/>
        <line num="14" count="9" type="stmt"/>
        <line num="15" count="1" type="stmt"/>
        <line num="16" count="1" type="stmt"/>
        <line num="19" count="9" type="stmt"/>
        <line num="20" count="4" type="cond" truecount="2" falsecount="0"/>
        <line num="21" count="1" type="stmt"/>
        <line num="23" count="3" type="cond" truecount="2" falsecount="0"/>
        <line num="24" count="1" type="stmt"/>
        <line num="26" count="3" type="cond" truecount="2" falsecount="0"/>
        <line num="27" count="1" type="stmt"/>
        <line num="28" count="1" type="stmt"/>
        <line num="29" count="1" type="stmt"/>
        <line num="30" count="1" type="stmt"/>
        <line num="32" count="2" type="stmt"/>
        <line num="37" count="9" type="stmt"/>
        <line num="38" count="1" type="stmt"/>
        <line num="39" count="1" type="stmt"/>
        <line num="43" count="1" type="stmt"/>
        <line num="46" count="9" type="stmt"/>
      </file>
    </package>
    <package name="src.components">
      <metrics statements="13" coveredstatements="13" conditionals="4" coveredconditionals="4" methods="7" coveredmethods="7"/>
      <file name="Question.jsx" path="D:\Mangahigh_tech_assignment\mern-micro-frontend\client\mangahigh-quiz-module\src\components\Question.jsx">
        <metrics statements="5" coveredstatements="5" conditionals="2" coveredconditionals="2" methods="3" coveredmethods="3"/>
        <line num="6" count="2" type="stmt"/>
        <line num="16" count="9" type="stmt"/>
        <line num="29" count="1" type="stmt"/>
        <line num="36" count="1" type="stmt"/>
        <line num="45" count="2" type="stmt"/>
      </file>
      <file name="QuizIntro.jsx" path="D:\Mangahigh_tech_assignment\mern-micro-frontend\client\mangahigh-quiz-module\src\components\QuizIntro.jsx">
        <metrics statements="4" coveredstatements="4" conditionals="0" coveredconditionals="0" methods="2" coveredmethods="2"/>
        <line num="5" count="2" type="stmt"/>
        <line num="6" count="3" type="stmt"/>
        <line num="11" count="1" type="stmt"/>
        <line num="16" count="2" type="stmt"/>
      </file>
      <file name="Result.jsx" path="D:\Mangahigh_tech_assignment\mern-micro-frontend\client\mangahigh-quiz-module\src\components\Result.jsx">
        <metrics statements="4" coveredstatements="4" conditionals="2" coveredconditionals="2" methods="2" coveredmethods="2"/>
        <line num="6" count="2" type="stmt"/>
        <line num="9" count="3" type="stmt"/>
        <line num="15" count="1" type="stmt"/>
        <line num="21" count="2" type="stmt"/>
      </file>
    </package>
    <package name="src.utils">
      <metrics statements="11" coveredstatements="11" conditionals="0" coveredconditionals="0" methods="7" coveredmethods="7"/>
      <file name="utils.js" path="D:\Mangahigh_tech_assignment\mern-micro-frontend\client\mangahigh-quiz-module\src\utils\utils.js">
        <metrics statements="11" coveredstatements="11" conditionals="0" coveredconditionals="0" methods="7" coveredmethods="7"/>
        <line num="3" count="4" type="stmt"/>
        <line num="4" count="6" type="stmt"/>
        <line num="7" count="2" type="stmt"/>
        <line num="9" count="1" type="stmt"/>
        <line num="11" count="2" type="stmt"/>
        <line num="13" count="5" type="stmt"/>
        <line num="15" count="2" type="stmt"/>
        <line num="16" count="1" type="stmt"/>
        <line num="21" count="1" type="stmt"/>
        <line num="25" count="2" type="stmt"/>
        <line num="27" count="2" type="stmt"/>
      </file>
    </package>
  </project>
</coverage>
