{"D:\\Mangahigh_tech_assignment\\mern-micro-frontend\\client\\mangahigh-quiz-module\\src\\Quiz.jsx": {"path":"D:\\Mangahigh_tech_assignment\\mern-micro-frontend\\client\\mangahigh-quiz-module\\src\\Quiz.jsx","statementMap":{"0":{"start":{"line":9,"column":13},"end":{"line":86,"column":1}},"1":{"start":{"line":10,"column":35},"end":{"line":10,"column":47}},"2":{"start":{"line":11,"column":47},"end":{"line":11,"column":58}},"3":{"start":{"line":12,"column":41},"end":{"line":12,"column":58}},"4":{"start":{"line":14,"column":1},"end":{"line":17,"column":8}},"5":{"start":{"line":15,"column":2},"end":{"line":16,"column":63}},"6":{"start":{"line":16,"column":31},"end":{"line":16,"column":61}},"7":{"start":{"line":19,"column":24},"end":{"line":35,"column":2}},"8":{"start":{"line":20,"column":2},"end":{"line":34,"column":3}},"9":{"start":{"line":21,"column":3},"end":{"line":21,"column":55}},"10":{"start":{"line":23,"column":3},"end":{"line":25,"column":4}},"11":{"start":{"line":24,"column":4},"end":{"line":24,"column":25}},"12":{"start":{"line":26,"column":3},"end":{"line":33,"column":4}},"13":{"start":{"line":27,"column":4},"end":{"line":27,"column":28}},"14":{"start":{"line":28,"column":4},"end":{"line":29,"column":65}},"15":{"start":{"line":29,"column":33},"end":{"line":29,"column":63}},"16":{"start":{"line":30,"column":4},"end":{"line":30,"column":26}},"17":{"start":{"line":32,"column":4},"end":{"line":32,"column":34}},"18":{"start":{"line":37,"column":26},"end":{"line":44,"column":2}},"19":{"start":{"line":38,"column":30},"end":{"line":38,"column":44}},"20":{"start":{"line":39,"column":2},"end":{"line":42,"column":5}},"21":{"start":{"line":43,"column":2},"end":{"line":43,"column":36}},"22":{"start":{"line":46,"column":1},"end":{"line":85,"column":3}}},"fnMap":{"0":{"name":"(anonymous_0)","decl":{"start":{"line":9,"column":13},"end":{"line":9,"column":14}},"loc":{"start":{"line":9,"column":19},"end":{"line":86,"column":1}},"line":9},"1":{"name":"(anonymous_1)","decl":{"start":{"line":14,"column":11},"end":{"line":14,"column":12}},"loc":{"start":{"line":14,"column":17},"end":{"line":17,"column":2}},"line":14},"2":{"name":"(anonymous_2)","decl":{"start":{"line":16,"column":9},"end":{"line":16,"column":10}},"loc":{"start":{"line":16,"column":31},"end":{"line":16,"column":61}},"line":16},"3":{"name":"(anonymous_3)","decl":{"start":{"line":19,"column":24},"end":{"line":19,"column":25}},"loc":{"start":{"line":19,"column":42},"end":{"line":35,"column":2}},"line":19},"4":{"name":"(anonymous_4)","decl":{"start":{"line":29,"column":11},"end":{"line":29,"column":12}},"loc":{"start":{"line":29,"column":33},"end":{"line":29,"column":63}},"line":29},"5":{"name":"(anonymous_5)","decl":{"start":{"line":37,"column":26},"end":{"line":37,"column":27}},"loc":{"start":{"line":37,"column":45},"end":{"line":44,"column":2}},"line":37}},"branchMap":{"0":{"loc":{"start":{"line":20,"column":2},"end":{"line":34,"column":3}},"type":"if","locations":[{"start":{"line":20,"column":2},"end":{"line":34,"column":3}},{"start":{"line":20,"column":2},"end":{"line":34,"column":3}}],"line":20},"1":{"loc":{"start":{"line":23,"column":3},"end":{"line":25,"column":4}},"type":"if","locations":[{"start":{"line":23,"column":3},"end":{"line":25,"column":4}},{"start":{"line":23,"column":3},"end":{"line":25,"column":4}}],"line":23},"2":{"loc":{"start":{"line":26,"column":3},"end":{"line":33,"column":4}},"type":"if","locations":[{"start":{"line":26,"column":3},"end":{"line":33,"column":4}},{"start":{"line":26,"column":3},"end":{"line":33,"column":4}}],"line":26},"3":{"loc":{"start":{"line":50,"column":7},"end":{"line":54,"column":7}},"type":"binary-expr","locations":[{"start":{"line":50,"column":7},"end":{"line":50,"column":29}},{"start":{"line":51,"column":7},"end":{"line":53,"column":11}}],"line":50},"4":{"loc":{"start":{"line":55,"column":7},"end":{"line":81,"column":7}},"type":"binary-expr","locations":[{"start":{"line":55,"column":7},"end":{"line":55,"column":16}},{"start":{"line":55,"column":20},"end":{"line":55,"column":40}},{"start":{"line":56,"column":7},"end":{"line":80,"column":14}}],"line":55},"5":{"loc":{"start":{"line":57,"column":7},"end":{"line":62,"column":7}},"type":"binary-expr","locations":[{"start":{"line":57,"column":8},"end":{"line":57,"column":32}},{"start":{"line":58,"column":7},"end":{"line":61,"column":9}}],"line":57},"6":{"loc":{"start":{"line":63,"column":7},"end":{"line":73,"column":10}},"type":"binary-expr","locations":[{"start":{"line":63,"column":8},"end":{"line":63,"column":31}},{"start":{"line":63,"column":35},"end":{"line":63,"column":63}},{"start":{"line":64,"column":7},"end":{"line":72,"column":17}}],"line":63},"7":{"loc":{"start":{"line":74,"column":10},"end":{"line":79,"column":10}},"type":"binary-expr","locations":[{"start":{"line":74,"column":11},"end":{"line":74,"column":36}},{"start":{"line":75,"column":10},"end":{"line":78,"column":12}}],"line":74}},"s":{"0":1,"1":9,"2":9,"3":9,"4":9,"5":1,"6":1,"7":9,"8":4,"9":1,"10":3,"11":1,"12":3,"13":1,"14":1,"15":1,"16":1,"17":2,"18":9,"19":1,"20":1,"21":1,"22":9},"f":{"0":9,"1":1,"2":1,"3":4,"4":1,"5":1},"b":{"0":[1,3],"1":[1,2],"2":[1,2],"3":[9,2],"4":[9,9,7],"5":[7,1],"6":[7,2,5],"7":[7,1]},"_coverageSchema":"1a1c01bbd47fc00a2c39e90264f33305004495a9","hash":"107b0f419eb1980813b715800c882fe979aaba0d"}
,"D:\\Mangahigh_tech_assignment\\mern-micro-frontend\\client\\mangahigh-quiz-module\\src\\components\\Question.jsx": {"path":"D:\\Mangahigh_tech_assignment\\mern-micro-frontend\\client\\mangahigh-quiz-module\\src\\components\\Question.jsx","statementMap":{"0":{"start":{"line":6,"column":17},"end":{"line":43,"column":1}},"1":{"start":{"line":16,"column":1},"end":{"line":42,"column":7}},"2":{"start":{"line":29,"column":27},"end":{"line":29,"column":51}},"3":{"start":{"line":36,"column":27},"end":{"line":36,"column":49}},"4":{"start":{"line":45,"column":0},"end":{"line":54,"column":2}}},"fnMap":{"0":{"name":"(anonymous_0)","decl":{"start":{"line":6,"column":17},"end":{"line":6,"column":18}},"loc":{"start":{"line":16,"column":1},"end":{"line":42,"column":7}},"line":16},"1":{"name":"(anonymous_1)","decl":{"start":{"line":29,"column":21},"end":{"line":29,"column":22}},"loc":{"start":{"line":29,"column":27},"end":{"line":29,"column":51}},"line":29},"2":{"name":"(anonymous_2)","decl":{"start":{"line":36,"column":21},"end":{"line":36,"column":22}},"loc":{"start":{"line":36,"column":27},"end":{"line":36,"column":49}},"line":36}},"branchMap":{"0":{"loc":{"start":{"line":24,"column":4},"end":{"line":38,"column":6}},"type":"cond-expr","locations":[{"start":{"line":26,"column":6},"end":{"line":30,"column":7}},{"start":{"line":33,"column":6},"end":{"line":37,"column":7}}],"line":24}},"s":{"0":2,"1":9,"2":1,"3":1,"4":2},"f":{"0":9,"1":1,"2":1},"b":{"0":[4,5]},"_coverageSchema":"1a1c01bbd47fc00a2c39e90264f33305004495a9","hash":"e141ddd8b2006360baa68ac61c93adebc7b0125e"}
,"D:\\Mangahigh_tech_assignment\\mern-micro-frontend\\client\\mangahigh-quiz-module\\src\\components\\QuizIntro.jsx": {"path":"D:\\Mangahigh_tech_assignment\\mern-micro-frontend\\client\\mangahigh-quiz-module\\src\\components\\QuizIntro.jsx","statementMap":{"0":{"start":{"line":5,"column":18},"end":{"line":14,"column":1}},"1":{"start":{"line":6,"column":1},"end":{"line":13,"column":7}},"2":{"start":{"line":11,"column":25},"end":{"line":11,"column":47}},"3":{"start":{"line":16,"column":0},"end":{"line":19,"column":2}}},"fnMap":{"0":{"name":"(anonymous_0)","decl":{"start":{"line":5,"column":18},"end":{"line":5,"column":19}},"loc":{"start":{"line":6,"column":1},"end":{"line":13,"column":7}},"line":6},"1":{"name":"(anonymous_1)","decl":{"start":{"line":11,"column":19},"end":{"line":11,"column":20}},"loc":{"start":{"line":11,"column":25},"end":{"line":11,"column":47}},"line":11}},"branchMap":{},"s":{"0":2,"1":3,"2":1,"3":2},"f":{"0":3,"1":1},"b":{},"_coverageSchema":"1a1c01bbd47fc00a2c39e90264f33305004495a9","hash":"24909bb33d31913e0cb0b50d84875bd8ee8cf291"}
,"D:\\Mangahigh_tech_assignment\\mern-micro-frontend\\client\\mangahigh-quiz-module\\src\\components\\Result.jsx": {"path":"D:\\Mangahigh_tech_assignment\\mern-micro-frontend\\client\\mangahigh-quiz-module\\src\\components\\Result.jsx","statementMap":{"0":{"start":{"line":6,"column":15},"end":{"line":19,"column":1}},"1":{"start":{"line":9,"column":1},"end":{"line":18,"column":7}},"2":{"start":{"line":15,"column":26},"end":{"line":15,"column":53}},"3":{"start":{"line":21,"column":0},"end":{"line":30,"column":2}}},"fnMap":{"0":{"name":"(anonymous_0)","decl":{"start":{"line":6,"column":15},"end":{"line":6,"column":16}},"loc":{"start":{"line":9,"column":1},"end":{"line":18,"column":7}},"line":9},"1":{"name":"(anonymous_1)","decl":{"start":{"line":15,"column":20},"end":{"line":15,"column":21}},"loc":{"start":{"line":15,"column":26},"end":{"line":15,"column":53}},"line":15}},"branchMap":{"0":{"loc":{"start":{"line":11,"column":3},"end":{"line":17,"column":3}},"type":"binary-expr","locations":[{"start":{"line":11,"column":3},"end":{"line":11,"column":17}},{"start":{"line":12,"column":3},"end":{"line":16,"column":5}}],"line":11}},"s":{"0":2,"1":3,"2":1,"3":2},"f":{"0":3,"1":1},"b":{"0":[3,3]},"_coverageSchema":"1a1c01bbd47fc00a2c39e90264f33305004495a9","hash":"af82b99b46d2013bd3fa4521b3f51697c839b139"}
,"D:\\Mangahigh_tech_assignment\\mern-micro-frontend\\client\\mangahigh-quiz-module\\src\\utils\\utils.js": {"path":"D:\\Mangahigh_tech_assignment\\mern-micro-frontend\\client\\mangahigh-quiz-module\\src\\utils\\utils.js","statementMap":{"0":{"start":{"line":3,"column":31},"end":{"line":5,"column":24}},"1":{"start":{"line":3,"column":46},"end":{"line":5,"column":24}},"2":{"start":{"line":4,"column":20},"end":{"line":4,"column":59}},"3":{"start":{"line":7,"column":30},"end":{"line":9,"column":44}},"4":{"start":{"line":9,"column":5},"end":{"line":9,"column":44}},"5":{"start":{"line":11,"column":30},"end":{"line":13,"column":45}},"6":{"start":{"line":13,"column":5},"end":{"line":13,"column":45}},"7":{"start":{"line":15,"column":25},"end":{"line":23,"column":1}},"8":{"start":{"line":16,"column":20},"end":{"line":20,"column":2}},"9":{"start":{"line":21,"column":1},"end":{"line":22,"column":60}},"10":{"start":{"line":25,"column":30},"end":{"line":27,"column":39}},"11":{"start":{"line":25,"column":36},"end":{"line":27,"column":39}},"12":{"start":{"line":27,"column":17},"end":{"line":27,"column":38}}},"fnMap":{"0":{"name":"(anonymous_0)","decl":{"start":{"line":3,"column":31},"end":{"line":3,"column":32}},"loc":{"start":{"line":3,"column":46},"end":{"line":5,"column":24}},"line":3},"1":{"name":"(anonymous_1)","decl":{"start":{"line":4,"column":6},"end":{"line":4,"column":7}},"loc":{"start":{"line":4,"column":20},"end":{"line":4,"column":59}},"line":4},"2":{"name":"(anonymous_2)","decl":{"start":{"line":7,"column":30},"end":{"line":7,"column":31}},"loc":{"start":{"line":9,"column":5},"end":{"line":9,"column":44}},"line":9},"3":{"name":"(anonymous_3)","decl":{"start":{"line":11,"column":30},"end":{"line":11,"column":31}},"loc":{"start":{"line":13,"column":5},"end":{"line":13,"column":45}},"line":13},"4":{"name":"(anonymous_4)","decl":{"start":{"line":15,"column":25},"end":{"line":15,"column":26}},"loc":{"start":{"line":15,"column":40},"end":{"line":23,"column":1}},"line":15},"5":{"name":"(anonymous_5)","decl":{"start":{"line":25,"column":30},"end":{"line":25,"column":31}},"loc":{"start":{"line":25,"column":36},"end":{"line":27,"column":39}},"line":25},"6":{"name":"(anonymous_6)","decl":{"start":{"line":27,"column":8},"end":{"line":27,"column":9}},"loc":{"start":{"line":27,"column":17},"end":{"line":27,"column":38}},"line":27}},"branchMap":{},"s":{"0":2,"1":4,"2":6,"3":2,"4":1,"5":2,"6":5,"7":2,"8":1,"9":1,"10":2,"11":2,"12":2},"f":{"0":4,"1":6,"2":1,"3":5,"4":1,"5":2,"6":2},"b":{},"_coverageSchema":"1a1c01bbd47fc00a2c39e90264f33305004495a9","hash":"c81c81626693036a3a4f040d87fb228cd3822161"}
}
