TN:
SF:src\Quiz.jsx
FN:9,(anonymous_0)
FN:14,(anonymous_1)
FN:16,(anonymous_2)
FN:19,(anonymous_3)
FN:29,(anonymous_4)
FN:37,(anonymous_5)
FNF:6
FNH:6
FNDA:9,(anonymous_0)
FNDA:1,(anonymous_1)
FNDA:1,(anonymous_2)
FNDA:4,(anonymous_3)
FNDA:1,(anonymous_4)
FNDA:1,(anonymous_5)
DA:9,1
DA:10,9
DA:11,9
DA:12,9
DA:14,9
DA:15,1
DA:16,1
DA:19,9
DA:20,4
DA:21,1
DA:23,3
DA:24,1
DA:26,3
DA:27,1
DA:28,1
DA:29,1
DA:30,1
DA:32,2
DA:37,9
DA:38,1
DA:39,1
DA:43,1
DA:46,9
LF:23
LH:23
BRDA:20,0,0,1
BRDA:20,0,1,3
BRDA:23,1,0,1
BRDA:23,1,1,2
BRDA:26,2,0,1
BRDA:26,2,1,2
BRDA:50,3,0,9
BRDA:50,3,1,2
BRDA:55,4,0,9
BRDA:55,4,1,9
BRDA:55,4,2,7
BRDA:57,5,0,7
BRDA:57,5,1,1
BRDA:63,6,0,7
BRDA:63,6,1,2
BRDA:63,6,2,5
BRDA:74,7,0,7
BRDA:74,7,1,1
BRF:18
BRH:18
end_of_record
TN:
SF:src\components\Question.jsx
FN:6,(anonymous_0)
FN:29,(anonymous_1)
FN:36,(anonymous_2)
FNF:3
FNH:3
FNDA:9,(anonymous_0)
FNDA:1,(anonymous_1)
FNDA:1,(anonymous_2)
DA:6,2
DA:16,9
DA:29,1
DA:36,1
DA:45,2
LF:5
LH:5
BRDA:24,0,0,4
BRDA:24,0,1,5
BRF:2
BRH:2
end_of_record
TN:
SF:src\components\QuizIntro.jsx
FN:5,(anonymous_0)
FN:11,(anonymous_1)
FNF:2
FNH:2
FNDA:3,(anonymous_0)
FNDA:1,(anonymous_1)
DA:5,2
DA:6,3
DA:11,1
DA:16,2
LF:4
LH:4
BRF:0
BRH:0
end_of_record
TN:
SF:src\components\Result.jsx
FN:6,(anonymous_0)
FN:15,(anonymous_1)
FNF:2
FNH:2
FNDA:3,(anonymous_0)
FNDA:1,(anonymous_1)
DA:6,2
DA:9,3
DA:15,1
DA:21,2
LF:4
LH:4
BRDA:11,0,0,3
BRDA:11,0,1,3
BRF:2
BRH:2
end_of_record
TN:
SF:src\utils\utils.js
FN:3,(anonymous_0)
FN:4,(anonymous_1)
FN:7,(anonymous_2)
FN:11,(anonymous_3)
FN:15,(anonymous_4)
FN:25,(anonymous_5)
FN:27,(anonymous_6)
FNF:7
FNH:7
FNDA:4,(anonymous_0)
FNDA:6,(anonymous_1)
FNDA:1,(anonymous_2)
FNDA:5,(anonymous_3)
FNDA:1,(anonymous_4)
FNDA:2,(anonymous_5)
FNDA:2,(anonymous_6)
DA:3,4
DA:4,6
DA:7,2
DA:9,1
DA:11,2
DA:13,5
DA:15,2
DA:16,1
DA:21,1
DA:25,2
DA:27,2
LF:11
LH:11
BRF:0
BRH:0
end_of_record
