<?xml version="1.0" encoding="UTF-8"?>
<coverage generated="1633897776751" clover="3.2.0">
  <project timestamp="1633897776752" name="All files">
    <metrics statements="17" coveredstatements="17" conditionals="0" coveredconditionals="0" methods="9" coveredmethods="9" elements="26" coveredelements="26" complexity="0" loc="17" ncloc="17" packages="1" files="4" classes="4"/>
    <file name="Button.jsx" path="D:\Mangahigh_tech_assignment\mern-micro-frontend\client\mangahigh-components\src\components\Button.jsx">
      <metrics statements="3" coveredstatements="3" conditionals="0" coveredconditionals="0" methods="1" coveredmethods="1"/>
      <line num="4" count="1" type="stmt"/>
      <line num="5" count="1" type="stmt"/>
      <line num="15" count="1" type="stmt"/>
    </file>
    <file name="DisplayCard.jsx" path="D:\Mangahigh_tech_assignment\mern-micro-frontend\client\mangahigh-components\src\components\DisplayCard.jsx">
      <metrics statements="3" coveredstatements="3" conditionals="0" coveredconditionals="0" methods="1" coveredmethods="1"/>
      <line num="4" count="1" type="stmt"/>
      <line num="5" count="1" type="stmt"/>
      <line num="13" count="1" type="stmt"/>
    </file>
    <file name="MultiOptions.jsx" path="D:\Mangahigh_tech_assignment\mern-micro-frontend\client\mangahigh-components\src\components\MultiOptions.jsx">
      <metrics statements="5" coveredstatements="5" conditionals="0" coveredconditionals="0" methods="3" coveredmethods="3"/>
      <line num="4" count="1" type="stmt"/>
      <line num="6" count="2" type="stmt"/>
      <line num="7" count="3" type="stmt"/>
      <line num="10" count="1" type="stmt"/>
      <line num="17" count="1" type="stmt"/>
    </file>
    <file name="Table.jsx" path="D:\Mangahigh_tech_assignment\mern-micro-frontend\client\mangahigh-components\src\components\Table.jsx">
      <metrics statements="6" coveredstatements="6" conditionals="0" coveredconditionals="0" methods="4" coveredmethods="4"/>
      <line num="4" count="1" type="stmt"/>
      <line num="5" count="1" type="stmt"/>
      <line num="8" count="2" type="stmt"/>
      <line num="13" count="2" type="stmt"/>
      <line num="14" count="4" type="stmt"/>
      <line num="21" count="1" type="stmt"/>
    </file>
  </project>
</coverage>
