{"D:\\Mangahigh_tech_assignment\\mern-micro-frontend\\client\\mangahigh-components\\src\\components\\Button.jsx": {"path":"D:\\Mangahigh_tech_assignment\\mern-micro-frontend\\client\\mangahigh-components\\src\\components\\Button.jsx","statementMap":{"0":{"start":{"line":4,"column":15},"end":{"line":13,"column":1}},"1":{"start":{"line":5,"column":1},"end":{"line":12,"column":10}},"2":{"start":{"line":15,"column":0},"end":{"line":19,"column":2}}},"fnMap":{"0":{"name":"(anonymous_0)","decl":{"start":{"line":4,"column":15},"end":{"line":4,"column":16}},"loc":{"start":{"line":5,"column":1},"end":{"line":12,"column":10}},"line":5}},"branchMap":{},"s":{"0":1,"1":1,"2":1},"f":{"0":1},"b":{},"_coverageSchema":"1a1c01bbd47fc00a2c39e90264f33305004495a9","hash":"4ef850437be6abccbffb5d730f300d03f15f987c"}
,"D:\\Mangahigh_tech_assignment\\mern-micro-frontend\\client\\mangahigh-components\\src\\components\\DisplayCard.jsx": {"path":"D:\\Mangahigh_tech_assignment\\mern-micro-frontend\\client\\mangahigh-components\\src\\components\\DisplayCard.jsx","statementMap":{"0":{"start":{"line":4,"column":20},"end":{"line":11,"column":1}},"1":{"start":{"line":5,"column":1},"end":{"line":10,"column":7}},"2":{"start":{"line":13,"column":0},"end":{"line":16,"column":2}}},"fnMap":{"0":{"name":"(anonymous_0)","decl":{"start":{"line":4,"column":20},"end":{"line":4,"column":21}},"loc":{"start":{"line":5,"column":1},"end":{"line":10,"column":7}},"line":5}},"branchMap":{},"s":{"0":1,"1":1,"2":1},"f":{"0":1},"b":{},"_coverageSchema":"1a1c01bbd47fc00a2c39e90264f33305004495a9","hash":"2b311cf9a7edcb3699644e90a8e4a3f166754ec4"}
,"D:\\Mangahigh_tech_assignment\\mern-micro-frontend\\client\\mangahigh-components\\src\\components\\MultiOptions.jsx": {"path":"D:\\Mangahigh_tech_assignment\\mern-micro-frontend\\client\\mangahigh-components\\src\\components\\MultiOptions.jsx","statementMap":{"0":{"start":{"line":4,"column":21},"end":{"line":15,"column":2}},"1":{"start":{"line":6,"column":6},"end":{"line":15,"column":2}},"2":{"start":{"line":7,"column":2},"end":{"line":14,"column":8}},"3":{"start":{"line":10,"column":21},"end":{"line":10,"column":53}},"4":{"start":{"line":17,"column":0},"end":{"line":21,"column":2}}},"fnMap":{"0":{"name":"(anonymous_0)","decl":{"start":{"line":4,"column":21},"end":{"line":4,"column":22}},"loc":{"start":{"line":6,"column":6},"end":{"line":15,"column":2}},"line":6},"1":{"name":"(anonymous_1)","decl":{"start":{"line":6,"column":18},"end":{"line":6,"column":19}},"loc":{"start":{"line":7,"column":2},"end":{"line":14,"column":8}},"line":7},"2":{"name":"(anonymous_2)","decl":{"start":{"line":10,"column":14},"end":{"line":10,"column":15}},"loc":{"start":{"line":10,"column":21},"end":{"line":10,"column":53}},"line":10}},"branchMap":{},"s":{"0":1,"1":2,"2":3,"3":1,"4":1},"f":{"0":2,"1":3,"2":1},"b":{},"_coverageSchema":"1a1c01bbd47fc00a2c39e90264f33305004495a9","hash":"c6f76208666882fbf4012e8efa245d436427f4e0"}
,"D:\\Mangahigh_tech_assignment\\mern-micro-frontend\\client\\mangahigh-components\\src\\components\\Table.jsx": {"path":"D:\\Mangahigh_tech_assignment\\mern-micro-frontend\\client\\mangahigh-components\\src\\components\\Table.jsx","statementMap":{"0":{"start":{"line":4,"column":14},"end":{"line":19,"column":1}},"1":{"start":{"line":5,"column":1},"end":{"line":18,"column":9}},"2":{"start":{"line":8,"column":40},"end":{"line":8,"column":82}},"3":{"start":{"line":13,"column":5},"end":{"line":15,"column":10}},"4":{"start":{"line":14,"column":32},"end":{"line":14,"column":72}},"5":{"start":{"line":21,"column":0},"end":{"line":26,"column":2}}},"fnMap":{"0":{"name":"(anonymous_0)","decl":{"start":{"line":4,"column":14},"end":{"line":4,"column":15}},"loc":{"start":{"line":5,"column":1},"end":{"line":18,"column":9}},"line":5},"1":{"name":"(anonymous_1)","decl":{"start":{"line":8,"column":28},"end":{"line":8,"column":29}},"loc":{"start":{"line":8,"column":40},"end":{"line":8,"column":82}},"line":8},"2":{"name":"(anonymous_2)","decl":{"start":{"line":12,"column":24},"end":{"line":12,"column":25}},"loc":{"start":{"line":13,"column":5},"end":{"line":15,"column":10}},"line":13},"3":{"name":"(anonymous_3)","decl":{"start":{"line":14,"column":15},"end":{"line":14,"column":16}},"loc":{"start":{"line":14,"column":32},"end":{"line":14,"column":72}},"line":14}},"branchMap":{},"s":{"0":1,"1":1,"2":2,"3":2,"4":4,"5":1},"f":{"0":1,"1":2,"2":2,"3":4},"b":{},"_coverageSchema":"1a1c01bbd47fc00a2c39e90264f33305004495a9","hash":"e0bf56186787b968c431ad8b8acc6ff5e483a3a2"}
}
