{"D:\\Mangahigh_tech_assignment\\mern-micro-frontend\\client\\mangahigh-insights-module\\src\\Insights.jsx": {"path":"D:\\Mangahigh_tech_assignment\\mern-micro-frontend\\client\\mangahigh-insights-module\\src\\Insights.jsx","statementMap":{"0":{"start":{"line":6,"column":17},"end":{"line":38,"column":1}},"1":{"start":{"line":7,"column":34},"end":{"line":7,"column":48}},"2":{"start":{"line":9,"column":2},"end":{"line":17,"column":9}},"3":{"start":{"line":10,"column":4},"end":{"line":16,"column":8}},"4":{"start":{"line":13,"column":40},"end":{"line":14,"column":92}},"5":{"start":{"line":14,"column":32},"end":{"line":14,"column":91}},"6":{"start":{"line":15,"column":8},"end":{"line":15,"column":45}},"7":{"start":{"line":19,"column":2},"end":{"line":37,"column":4}}},"fnMap":{"0":{"name":"(anonymous_0)","decl":{"start":{"line":6,"column":17},"end":{"line":6,"column":18}},"loc":{"start":{"line":6,"column":25},"end":{"line":38,"column":1}},"line":6},"1":{"name":"(anonymous_1)","decl":{"start":{"line":9,"column":12},"end":{"line":9,"column":13}},"loc":{"start":{"line":9,"column":18},"end":{"line":17,"column":3}},"line":9},"2":{"name":"(anonymous_2)","decl":{"start":{"line":12,"column":12},"end":{"line":12,"column":13}},"loc":{"start":{"line":12,"column":21},"end":{"line":16,"column":7}},"line":12},"3":{"name":"(anonymous_3)","decl":{"start":{"line":14,"column":16},"end":{"line":14,"column":17}},"loc":{"start":{"line":14,"column":32},"end":{"line":14,"column":91}},"line":14}},"branchMap":{"0":{"loc":{"start":{"line":23,"column":9},"end":{"line":27,"column":9}},"type":"binary-expr","locations":[{"start":{"line":23,"column":9},"end":{"line":23,"column":18}},{"start":{"line":24,"column":10},"end":{"line":26,"column":16}}],"line":23},"1":{"loc":{"start":{"line":28,"column":9},"end":{"line":33,"column":9}},"type":"binary-expr","locations":[{"start":{"line":28,"column":9},"end":{"line":28,"column":17}},{"start":{"line":29,"column":10},"end":{"line":32,"column":16}}],"line":28}},"s":{"0":1,"1":3,"2":3,"3":1,"4":1,"5":1,"6":1,"7":3},"f":{"0":3,"1":1,"2":1,"3":1},"b":{"0":[3,2],"1":[3,1]},"_coverageSchema":"1a1c01bbd47fc00a2c39e90264f33305004495a9","hash":"c61cee1d7ea4b8d6aca805f5fdda0839607df9de"}
,"D:\\Mangahigh_tech_assignment\\mern-micro-frontend\\client\\mangahigh-insights-module\\src\\components\\AttemptsDataTable.jsx": {"path":"D:\\Mangahigh_tech_assignment\\mern-micro-frontend\\client\\mangahigh-insights-module\\src\\components\\AttemptsDataTable.jsx","statementMap":{"0":{"start":{"line":5,"column":30},"end":{"line":10,"column":2}},"1":{"start":{"line":5,"column":44},"end":{"line":10,"column":2}},"2":{"start":{"line":5,"column":77},"end":{"line":10,"column":1}},"3":{"start":{"line":12,"column":26},"end":{"line":25,"column":1}},"4":{"start":{"line":13,"column":19},"end":{"line":16,"column":2}},"5":{"start":{"line":17,"column":1},"end":{"line":24,"column":3}},"6":{"start":{"line":27,"column":0},"end":{"line":33,"column":2}}},"fnMap":{"0":{"name":"(anonymous_0)","decl":{"start":{"line":5,"column":30},"end":{"line":5,"column":31}},"loc":{"start":{"line":5,"column":44},"end":{"line":10,"column":2}},"line":5},"1":{"name":"(anonymous_1)","decl":{"start":{"line":5,"column":57},"end":{"line":5,"column":58}},"loc":{"start":{"line":5,"column":77},"end":{"line":10,"column":1}},"line":5},"2":{"name":"(anonymous_2)","decl":{"start":{"line":12,"column":26},"end":{"line":12,"column":27}},"loc":{"start":{"line":12,"column":44},"end":{"line":25,"column":1}},"line":12}},"branchMap":{},"s":{"0":2,"1":2,"2":4,"3":2,"4":2,"5":2,"6":2},"f":{"0":2,"1":4,"2":2},"b":{},"_coverageSchema":"1a1c01bbd47fc00a2c39e90264f33305004495a9","hash":"cd67a300bfce588ebc953cfec3a48f189db417a7"}
,"D:\\Mangahigh_tech_assignment\\mern-micro-frontend\\client\\mangahigh-insights-module\\src\\components\\Summary.jsx": {"path":"D:\\Mangahigh_tech_assignment\\mern-micro-frontend\\client\\mangahigh-insights-module\\src\\components\\Summary.jsx","statementMap":{"0":{"start":{"line":5,"column":25},"end":{"line":7,"column":85}},"1":{"start":{"line":5,"column":39},"end":{"line":7,"column":85}},"2":{"start":{"line":6,"column":19},"end":{"line":6,"column":32}},"3":{"start":{"line":7,"column":40},"end":{"line":7,"column":66}},"4":{"start":{"line":9,"column":16},"end":{"line":24,"column":1}},"5":{"start":{"line":10,"column":1},"end":{"line":23,"column":8}},"6":{"start":{"line":26,"column":0},"end":{"line":32,"column":2}}},"fnMap":{"0":{"name":"(anonymous_0)","decl":{"start":{"line":5,"column":25},"end":{"line":5,"column":26}},"loc":{"start":{"line":5,"column":39},"end":{"line":7,"column":85}},"line":5},"1":{"name":"(anonymous_1)","decl":{"start":{"line":6,"column":6},"end":{"line":6,"column":7}},"loc":{"start":{"line":6,"column":19},"end":{"line":6,"column":32}},"line":6},"2":{"name":"(anonymous_2)","decl":{"start":{"line":7,"column":9},"end":{"line":7,"column":10}},"loc":{"start":{"line":7,"column":40},"end":{"line":7,"column":66}},"line":7},"3":{"name":"(anonymous_3)","decl":{"start":{"line":9,"column":16},"end":{"line":9,"column":17}},"loc":{"start":{"line":10,"column":1},"end":{"line":23,"column":8}},"line":10}},"branchMap":{},"s":{"0":2,"1":2,"2":4,"3":2,"4":2,"5":2,"6":2},"f":{"0":2,"1":4,"2":2,"3":2},"b":{},"_coverageSchema":"1a1c01bbd47fc00a2c39e90264f33305004495a9","hash":"c14281a198f174c99aae176cebb42ecbbf606aad"}
}
