TN:
SF:src\Insights.jsx
FN:6,(anonymous_0)
FN:9,(anonymous_1)
FN:12,(anonymous_2)
FN:14,(anonymous_3)
FNF:4
FNH:4
FNDA:3,(anonymous_0)
FNDA:1,(anonymous_1)
FNDA:1,(anonymous_2)
FNDA:1,(anonymous_3)
DA:6,1
DA:7,3
DA:9,3
DA:10,1
DA:13,1
DA:14,1
DA:15,1
DA:19,3
LF:8
LH:8
BRDA:23,0,0,3
BRDA:23,0,1,2
BRDA:28,1,0,3
BRDA:28,1,1,1
BRF:4
BRH:4
end_of_record
TN:
SF:src\components\AttemptsDataTable.jsx
FN:5,(anonymous_0)
FN:5,(anonymous_1)
FN:12,(anonymous_2)
FNF:3
FNH:3
FNDA:2,(anonymous_0)
FNDA:4,(anonymous_1)
FNDA:2,(anonymous_2)
DA:5,4
DA:12,2
DA:13,2
DA:17,2
DA:27,2
LF:5
LH:5
BRF:0
BRH:0
end_of_record
TN:
SF:src\components\Summary.jsx
FN:5,(anonymous_0)
FN:6,(anonymous_1)
FN:7,(anonymous_2)
FN:9,(anonymous_3)
FNF:4
FNH:4
FNDA:2,(anonymous_0)
FNDA:4,(anonymous_1)
FNDA:2,(anonymous_2)
FNDA:2,(anonymous_3)
DA:5,2
DA:6,4
DA:7,2
DA:9,2
DA:10,2
DA:26,2
LF:6
LH:6
BRF:0
BRH:0
end_of_record
